\BOOKMARK [0][-]{section*.1}{\376\377\000D\000a\000f\000t\000a\000r\000\040\000I\000s\000i}{}% 1
\BOOKMARK [0][-]{section*.2}{\376\377\000D\000a\000f\000t\000a\000r\000\040\000G\000a\000m\000b\000a\000r}{}% 2
\BOOKMARK [0][-]{chapter.1}{\376\377\000P\000e\000n\000d\000a\000h\000u\000l\000u\000a\000n}{}% 3
\BOOKMARK [1][-]{section.1.1}{\376\377\000L\000a\000t\000a\000r\000\040\000B\000e\000l\000a\000k\000a\000n\000g}{chapter.1}% 4
\BOOKMARK [1][-]{section.1.2}{\376\377\000R\000u\000m\000u\000s\000a\000n\000\040\000M\000a\000s\000a\000l\000a\000h}{chapter.1}% 5
\BOOKMARK [1][-]{section.1.3}{\376\377\000T\000u\000j\000u\000a\000n}{chapter.1}% 6
\BOOKMARK [1][-]{section.1.4}{\376\377\000B\000a\000t\000a\000s\000a\000n\000\040\000M\000a\000s\000a\000l\000a\000h}{chapter.1}% 7
\BOOKMARK [1][-]{section.1.5}{\376\377\000M\000e\000t\000o\000d\000o\000l\000o\000g\000i}{chapter.1}% 8
\BOOKMARK [1][-]{section.1.6}{\376\377\000S\000i\000s\000t\000e\000m\000a\000t\000i\000k\000a\000\040\000P\000e\000m\000b\000a\000h\000a\000s\000a\000n}{chapter.1}% 9
\BOOKMARK [0][-]{chapter.2}{\376\377\000L\000a\000n\000d\000a\000s\000a\000n\000\040\000T\000e\000o\000r\000i}{}% 10
\BOOKMARK [1][-]{section.2.1}{\376\377\000C\000o\000d\000e\000I\000g\000n\000i\000t\000e\000r\000\040\0003}{chapter.2}% 11
\BOOKMARK [2][-]{subsection.2.1.1}{\376\377\000M\000o\000d\000e\000l\000-\000V\000i\000e\000w\000-\000C\000o\000n\000t\000r\000o\000l\000l\000e\000r}{section.2.1}% 12
\BOOKMARK [2][-]{subsection.2.1.2}{\376\377\000U\000R\000L\000\040\000C\000o\000d\000e\000I\000g\000n\000i\000t\000e\000r}{section.2.1}% 13
\BOOKMARK [1][-]{section.2.2}{\376\377\000T\000w\000i\000g}{chapter.2}% 14
\BOOKMARK [1][-]{section.2.3}{\376\377\000B\000a\000s\000h}{chapter.2}% 15
\BOOKMARK [1][-]{section.2.4}{\376\377\000P\000D\000F\000.\000j\000s}{chapter.2}% 16
\BOOKMARK [1][-]{section.2.5}{\376\377\000A\000c\000e}{chapter.2}% 17
\BOOKMARK [0][-]{chapter.3}{\376\377\000A\000n\000a\000l\000i\000s\000i\000s}{}% 18
\BOOKMARK [1][-]{section.3.1}{\376\377\000A\000n\000a\000l\000i\000s\000i\000s\000\040\000S\000i\000s\000t\000e\000m\000\040\000K\000i\000n\000i}{chapter.3}% 19
\BOOKMARK [2][-]{subsection.3.1.1}{\376\377\000I\000s\000t\000i\000l\000a\000h\000-\000i\000s\000t\000i\000l\000a\000h\000\040\000U\000m\000u\000m}{section.3.1}% 20
\BOOKMARK [2][-]{subsection.3.1.2}{\376\377\000F\000i\000t\000u\000r\000-\000f\000i\000t\000u\000r\000\040\000S\000h\000a\000r\000I\000F\000\040\000J\000u\000d\000g\000e}{section.3.1}% 21
\BOOKMARK [2][-]{subsection.3.1.3}{\376\377\000M\000o\000d\000e\000l\000,\000\040\000V\000i\000e\000w\000,\000\040\000C\000o\000n\000t\000r\000o\000l\000l\000e\000r}{section.3.1}% 22
\BOOKMARK [2][-]{subsection.3.1.4}{\376\377\000P\000e\000n\000y\000i\000m\000p\000a\000n\000a\000n\000\040\000K\000o\000d\000e}{section.3.1}% 23
\BOOKMARK [2][-]{subsection.3.1.5}{\376\377\000A\000n\000t\000r\000e\000a\000n\000\040\000P\000e\000n\000i\000l\000a\000i\000a\000n\000\040\000K\000o\000d\000e}{section.3.1}% 24
\BOOKMARK [1][-]{section.3.2}{\376\377\000A\000n\000a\000l\000i\000s\000i\000s\000\040\000S\000i\000s\000t\000e\000m\000\040\000U\000s\000u\000l\000a\000n}{chapter.3}% 25
\BOOKMARK [0][-]{chapter.4}{\376\377\000P\000e\000r\000a\000n\000c\000a\000n\000g\000a\000n}{}% 26
\BOOKMARK [1][-]{section.4.1}{\376\377\000R\000a\000n\000c\000a\000n\000g\000a\000n\000\040\000A\000n\000t\000a\000r\000m\000u\000k\000a}{chapter.4}% 27
\BOOKMARK [1][-]{section.4.2}{\376\377\000R\000a\000n\000c\000a\000n\000g\000a\000n\000\040\000P\000e\000r\000u\000b\000a\000h\000a\000n\000\040\000K\000o\000d\000e}{chapter.4}% 28
\BOOKMARK [2][-]{subsection.4.2.1}{\376\377\000M\000e\000n\000a\000m\000p\000i\000l\000k\000a\000n\000\040\000s\000o\000a\000l}{section.4.2}% 29
\BOOKMARK [2][-]{subsection.4.2.2}{\376\377\000M\000e\000n\000g\000e\000d\000i\000t\000\040\000K\000o\000d\000e}{section.4.2}% 30
\BOOKMARK [2][-]{subsection.4.2.3}{\376\377\000M\000e\000n\000y\000i\000m\000p\000a\000n\000\040\000K\000o\000d\000e}{section.4.2}% 31
\BOOKMARK [2][-]{subsection.4.2.4}{\376\377\000M\000e\000m\000u\000a\000t\000\040\000K\000o\000d\000e}{section.4.2}% 32
\BOOKMARK [2][-]{subsection.4.2.5}{\376\377\000M\000e\000n\000j\000a\000l\000a\000n\000k\000a\000n\000\040\000K\000o\000d\000e\000\040\000d\000e\000n\000g\000a\000n\000\040\000T\000e\000s\000\040\000K\000a\000s\000u\000s}{section.4.2}% 33
\BOOKMARK [2][-]{subsection.4.2.6}{\376\377\000M\000e\000n\000g\000u\000m\000p\000u\000l\000k\000a\000n\000\040\000K\000o\000d\000e\000\040\000M\000e\000l\000a\000l\000u\000i\000\040\000I\000D\000E}{section.4.2}% 34
\BOOKMARK [0][-]{chapter.5}{\376\377\000I\000m\000p\000l\000e\000m\000e\000n\000t\000a\000s\000i\000\040\000d\000a\000n\000\040\000P\000e\000n\000g\000u\000j\000i\000a\000n}{}% 35
\BOOKMARK [1][-]{section.5.1}{\376\377\000L\000i\000n\000g\000k\000u\000n\000g\000a\000n\000\040\000I\000m\000p\000l\000e\000m\000e\000n\000t\000a\000s\000i\000\040\000d\000a\000n\000\040\000P\000e\000n\000g\000u\000j\000i\000a\000n}{chapter.5}% 36
\BOOKMARK [1][-]{section.5.2}{\376\377\000I\000m\000p\000l\000e\000m\000e\000n\000t\000a\000s\000i}{chapter.5}% 37
\BOOKMARK [2][-]{subsection.5.2.1}{\376\377\000T\000a\000m\000p\000i\000l\000a\000n\000\040\000A\000n\000t\000a\000r\000m\000u\000k\000a}{section.5.2}% 38
\BOOKMARK [2][-]{subsection.5.2.2}{\376\377\000M\000e\000n\000a\000m\000p\000i\000l\000k\000a\000n\000\040\000S\000o\000a\000l}{section.5.2}% 39
\BOOKMARK [2][-]{subsection.5.2.3}{\376\377\000E\000d\000i\000t\000o\000r\000\040\000K\000o\000d\000e}{section.5.2}% 40
\BOOKMARK [2][-]{subsection.5.2.4}{\376\377\000M\000e\000n\000y\000i\000m\000p\000a\000n\000\040\000d\000a\000n\000\040\000M\000e\000m\000u\000a\000t\000\040\000K\000o\000d\000e}{section.5.2}% 41
\BOOKMARK [2][-]{subsection.5.2.5}{\376\377\000M\000e\000n\000j\000a\000l\000a\000n\000k\000a\000n\000\040\000K\000o\000d\000e\000\040\000d\000e\000n\000g\000a\000n\000\040\000T\000e\000s\000\040\000K\000a\000s\000u\000s}{section.5.2}% 42
\BOOKMARK [2][-]{subsection.5.2.6}{\376\377\000M\000e\000n\000g\000u\000m\000p\000u\000l\000k\000a\000n\000\040\000K\000o\000d\000e\000\040\000M\000e\000l\000a\000l\000u\000i\000\040\000I\000D\000E}{section.5.2}% 43
\BOOKMARK [1][-]{section.5.3}{\376\377\000P\000e\000n\000g\000u\000j\000i\000a\000n\000\040\000F\000u\000n\000g\000s\000i\000o\000n\000a\000l}{chapter.5}% 44
\BOOKMARK [1][-]{section.5.4}{\376\377\000P\000e\000n\000g\000u\000j\000i\000a\000n\000\040\000E\000k\000s\000p\000e\000r\000i\000m\000e\000n\000t\000a\000l}{chapter.5}% 45
\BOOKMARK [2][-]{subsection.5.4.1}{\376\377\000P\000e\000r\000u\000b\000a\000h\000a\000n\000\040\000m\000e\000l\000a\000l\000u\000i\000\040\000G\000i\000t\000H\000u\000b}{section.5.4}% 46
\BOOKMARK [2][-]{subsection.5.4.2}{\376\377\000S\000u\000r\000v\000e\000i}{section.5.4}% 47
\BOOKMARK [0][-]{chapter.6}{\376\377\000K\000e\000s\000i\000m\000p\000u\000l\000a\000n\000\040\000d\000a\000n\000\040\000S\000a\000r\000a\000n}{}% 48
\BOOKMARK [1][-]{section.6.1}{\376\377\000K\000e\000s\000i\000m\000p\000u\000l\000a\000n}{chapter.6}% 49
\BOOKMARK [1][-]{section.6.2}{\376\377\000S\000a\000r\000a\000n}{chapter.6}% 50
\BOOKMARK [0][-]{chapter*.28}{\376\377\000D\000a\000f\000t\000a\000r\000\040\000R\000e\000f\000e\000r\000e\000n\000s\000i}{}% 51
\BOOKMARK [0][-]{appendix.A}{\376\377\000K\000o\000d\000e\000\040\000P\000r\000o\000g\000r\000a\000m}{}% 52
